<?xml version="1.0" encoding="utf-8"?>
<TestRun id="3453f35e-092d-4dd2-9e9d-173346cd821c" name="@bPro 2025-09-01 18:41:36" xmlns="http://microsoft.com/schemas/VisualStudio/TeamTest/2010">
  <Times creation="2025-09-01T18:41:36.4813570+07:00" queuing="2025-09-01T18:41:36.4813570+07:00" start="2025-09-01T18:41:36.1490310+07:00" finish="2025-09-01T18:41:36.4831400+07:00" />
  <TestSettings name="default" id="92c8a32d-42c3-4b32-be7c-a12cee9d37d1">
    <Deployment runDeploymentRoot="_bPro_2025-09-01_18_41_36" />
  </TestSettings>
  <Results>
    <UnitTestResult executionId="e68f49b4-d783-45ca-bacc-bd210159e5ba" testId="6175d249-5c25-bee6-1d38-59fa784afd9e" testName="AidDiscovery.Tests.ErrorTests.InvalidHttpsScheme" computerName="bPro" duration="00:00:00.0000838" startTime="2025-09-01T18:41:36.4331180+07:00" endTime="2025-09-01T18:41:36.4331180+07:00" testType="13cdc9d9-ddb5-4fa4-a97d-d965ccfc6d4b" outcome="Passed" testListId="8c84fa94-04c1-424b-9868-57a2d4851a1d" relativeResultsDirectory="e68f49b4-d783-45ca-bacc-bd210159e5ba" />
    <UnitTestResult executionId="72882065-a8a2-4af7-b8ce-903f689ad452" testId="4821400e-74ac-6fb2-c41b-e91c9443ba12" testName="AidDiscovery.Tests.ErrorTests.InvalidAuthToken" computerName="bPro" duration="00:00:00.0022700" startTime="2025-09-01T18:41:36.4303380+07:00" endTime="2025-09-01T18:41:36.4303380+07:00" testType="13cdc9d9-ddb5-4fa4-a97d-d965ccfc6d4b" outcome="Passed" testListId="8c84fa94-04c1-424b-9868-57a2d4851a1d" relativeResultsDirectory="72882065-a8a2-4af7-b8ce-903f689ad452" />
    <UnitTestResult executionId="0905535d-ec22-4433-910a-041478736038" testId="27ec07c8-f6dc-e0f6-9613-fa3fb38f6c84" testName="AidDiscovery.Tests.ErrorTests.MissingRequiredFields" computerName="bPro" duration="00:00:00.0001353" startTime="2025-09-01T18:41:36.4330230+07:00" endTime="2025-09-01T18:41:36.4330230+07:00" testType="13cdc9d9-ddb5-4fa4-a97d-d965ccfc6d4b" outcome="Passed" testListId="8c84fa94-04c1-424b-9868-57a2d4851a1d" relativeResultsDirectory="0905535d-ec22-4433-910a-041478736038" />
    <UnitTestResult executionId="03c24c5f-525f-4c40-91d0-57a0fbcf8626" testId="1a918b86-cacf-20ae-3c3d-bf8373caa3be" testName="AidDiscovery.Tests.ErrorTests.BothProtoAndAlias" computerName="bPro" duration="00:00:00.0000694" startTime="2025-09-01T18:41:36.4331970+07:00" endTime="2025-09-01T18:41:36.4331970+07:00" testType="13cdc9d9-ddb5-4fa4-a97d-d965ccfc6d4b" outcome="Passed" testListId="8c84fa94-04c1-424b-9868-57a2d4851a1d" relativeResultsDirectory="03c24c5f-525f-4c40-91d0-57a0fbcf8626" />
    <UnitTestResult executionId="31cb1511-ee1f-4aaf-be2c-563b90c6e96c" testId="a3513066-41a8-3143-e8be-115141a9022c" testName="AidDiscovery.Tests.PkaTests.Vectors_RunAgainstHandshake" computerName="bPro" duration="00:00:00.0019445" startTime="2025-09-01T18:41:36.4291800+07:00" endTime="2025-09-01T18:41:36.4291870+07:00" testType="13cdc9d9-ddb5-4fa4-a97d-d965ccfc6d4b" outcome="Passed" testListId="8c84fa94-04c1-424b-9868-57a2d4851a1d" relativeResultsDirectory="31cb1511-ee1f-4aaf-be2c-563b90c6e96c" />
    <UnitTestResult executionId="6850aa73-5198-4b9a-a03e-3d910c346a8a" testId="d284e9a2-c0f0-3776-4f7a-88678a0fa8ac" testName="AidDiscovery.Tests.ErrorTests.LocalInvalidScheme" computerName="bPro" duration="00:00:00.0012792" startTime="2025-09-01T18:41:36.4328820+07:00" endTime="2025-09-01T18:41:36.4328820+07:00" testType="13cdc9d9-ddb5-4fa4-a97d-d965ccfc6d4b" outcome="Passed" testListId="8c84fa94-04c1-424b-9868-57a2d4851a1d" relativeResultsDirectory="6850aa73-5198-4b9a-a03e-3d910c346a8a" />
    <UnitTestResult executionId="00f634a8-24dd-4428-a343-4656fe68c93d" testId="c0ca24d4-72a5-38ff-72d1-65ab6d6dc5ed" testName="AidDiscovery.Tests.ErrorTests.UnsupportedProto(txt: &quot;v=aid1;uri=https://api.example.com/mcp;proto=unkno&quot;···, expectedSymbol: &quot;ERR_UNSUPPORTED_PROTO&quot;, expectedConstName: &quot;ERR_UNSUPPORTED_PROTO&quot;)" computerName="bPro" duration="00:00:00.0024152" startTime="2025-09-01T18:41:36.4315620+07:00" endTime="2025-09-01T18:41:36.4315620+07:00" testType="13cdc9d9-ddb5-4fa4-a97d-d965ccfc6d4b" outcome="Passed" testListId="8c84fa94-04c1-424b-9868-57a2d4851a1d" relativeResultsDirectory="00f634a8-24dd-4428-a343-4656fe68c93d" />
    <UnitTestResult executionId="9f297134-2b96-437d-9c3d-ef18af65aaf3" testId="2c831a08-f25f-e9cc-4140-c216ff01dd93" testName="AidDiscovery.Tests.ParityTests.GoldenParity" computerName="bPro" duration="00:00:00.0132780" startTime="2025-09-01T18:41:36.4392580+07:00" endTime="2025-09-01T18:41:36.4392580+07:00" testType="13cdc9d9-ddb5-4fa4-a97d-d965ccfc6d4b" outcome="Passed" testListId="8c84fa94-04c1-424b-9868-57a2d4851a1d" relativeResultsDirectory="9f297134-2b96-437d-9c3d-ef18af65aaf3" />
    <UnitTestResult executionId="fe252693-6574-4ebb-a041-ec46025ac4aa" testId="2c4d56c2-dd0b-ab09-c64a-f71fa3df9a86" testName="AidDiscovery.Tests.ErrorTests.TooLongDesc" computerName="bPro" duration="00:00:00.0000825" startTime="2025-09-01T18:41:36.4308620+07:00" endTime="2025-09-01T18:41:36.4308630+07:00" testType="13cdc9d9-ddb5-4fa4-a97d-d965ccfc6d4b" outcome="Passed" testListId="8c84fa94-04c1-424b-9868-57a2d4851a1d" relativeResultsDirectory="fe252693-6574-4ebb-a041-ec46025ac4aa" />
  </Results>
  <TestDefinitions>
    <UnitTest name="AidDiscovery.Tests.ErrorTests.MissingRequiredFields" storage="/users/user/dev/side-projects/agentcommunity/agent-interface-discovery/packages/aid-dotnet/tests/bin/release/net9.0/aiddiscovery.tests.dll" id="27ec07c8-f6dc-e0f6-9613-fa3fb38f6c84">
      <Execution id="0905535d-ec22-4433-910a-041478736038" />
      <TestMethod codeBase="/Users/user/dev/side-projects/AgentCommunity/agent-interface-discovery/packages/aid-dotnet/tests/bin/Release/net9.0/AidDiscovery.Tests.dll" adapterTypeName="executor://xunit/VsTestRunner2/netcoreapp" className="AidDiscovery.Tests.ErrorTests" name="MissingRequiredFields" />
    </UnitTest>
    <UnitTest name="AidDiscovery.Tests.ErrorTests.LocalInvalidScheme" storage="/users/user/dev/side-projects/agentcommunity/agent-interface-discovery/packages/aid-dotnet/tests/bin/release/net9.0/aiddiscovery.tests.dll" id="d284e9a2-c0f0-3776-4f7a-88678a0fa8ac">
      <Execution id="6850aa73-5198-4b9a-a03e-3d910c346a8a" />
      <TestMethod codeBase="/Users/user/dev/side-projects/AgentCommunity/agent-interface-discovery/packages/aid-dotnet/tests/bin/Release/net9.0/AidDiscovery.Tests.dll" adapterTypeName="executor://xunit/VsTestRunner2/netcoreapp" className="AidDiscovery.Tests.ErrorTests" name="LocalInvalidScheme" />
    </UnitTest>
    <UnitTest name="AidDiscovery.Tests.ErrorTests.TooLongDesc" storage="/users/user/dev/side-projects/agentcommunity/agent-interface-discovery/packages/aid-dotnet/tests/bin/release/net9.0/aiddiscovery.tests.dll" id="2c4d56c2-dd0b-ab09-c64a-f71fa3df9a86">
      <Execution id="fe252693-6574-4ebb-a041-ec46025ac4aa" />
      <TestMethod codeBase="/Users/user/dev/side-projects/AgentCommunity/agent-interface-discovery/packages/aid-dotnet/tests/bin/Release/net9.0/AidDiscovery.Tests.dll" adapterTypeName="executor://xunit/VsTestRunner2/netcoreapp" className="AidDiscovery.Tests.ErrorTests" name="TooLongDesc" />
    </UnitTest>
    <UnitTest name="AidDiscovery.Tests.ParityTests.GoldenParity" storage="/users/user/dev/side-projects/agentcommunity/agent-interface-discovery/packages/aid-dotnet/tests/bin/release/net9.0/aiddiscovery.tests.dll" id="2c831a08-f25f-e9cc-4140-c216ff01dd93">
      <Execution id="9f297134-2b96-437d-9c3d-ef18af65aaf3" />
      <TestMethod codeBase="/Users/user/dev/side-projects/AgentCommunity/agent-interface-discovery/packages/aid-dotnet/tests/bin/Release/net9.0/AidDiscovery.Tests.dll" adapterTypeName="executor://xunit/VsTestRunner2/netcoreapp" className="AidDiscovery.Tests.ParityTests" name="GoldenParity" />
    </UnitTest>
    <UnitTest name="AidDiscovery.Tests.PkaTests.Vectors_RunAgainstHandshake" storage="/users/user/dev/side-projects/agentcommunity/agent-interface-discovery/packages/aid-dotnet/tests/bin/release/net9.0/aiddiscovery.tests.dll" id="a3513066-41a8-3143-e8be-115141a9022c">
      <Execution id="31cb1511-ee1f-4aaf-be2c-563b90c6e96c" />
      <TestMethod codeBase="/Users/user/dev/side-projects/AgentCommunity/agent-interface-discovery/packages/aid-dotnet/tests/bin/Release/net9.0/AidDiscovery.Tests.dll" adapterTypeName="executor://xunit/VsTestRunner2/netcoreapp" className="AidDiscovery.Tests.PkaTests" name="Vectors_RunAgainstHandshake" />
    </UnitTest>
    <UnitTest name="AidDiscovery.Tests.ErrorTests.InvalidAuthToken" storage="/users/user/dev/side-projects/agentcommunity/agent-interface-discovery/packages/aid-dotnet/tests/bin/release/net9.0/aiddiscovery.tests.dll" id="4821400e-74ac-6fb2-c41b-e91c9443ba12">
      <Execution id="72882065-a8a2-4af7-b8ce-903f689ad452" />
      <TestMethod codeBase="/Users/user/dev/side-projects/AgentCommunity/agent-interface-discovery/packages/aid-dotnet/tests/bin/Release/net9.0/AidDiscovery.Tests.dll" adapterTypeName="executor://xunit/VsTestRunner2/netcoreapp" className="AidDiscovery.Tests.ErrorTests" name="InvalidAuthToken" />
    </UnitTest>
    <UnitTest name="AidDiscovery.Tests.ErrorTests.UnsupportedProto(txt: &quot;v=aid1;uri=https://api.example.com/mcp;proto=unkno&quot;···, expectedSymbol: &quot;ERR_UNSUPPORTED_PROTO&quot;, expectedConstName: &quot;ERR_UNSUPPORTED_PROTO&quot;)" storage="/users/user/dev/side-projects/agentcommunity/agent-interface-discovery/packages/aid-dotnet/tests/bin/release/net9.0/aiddiscovery.tests.dll" id="c0ca24d4-72a5-38ff-72d1-65ab6d6dc5ed">
      <Execution id="00f634a8-24dd-4428-a343-4656fe68c93d" />
      <TestMethod codeBase="/Users/user/dev/side-projects/AgentCommunity/agent-interface-discovery/packages/aid-dotnet/tests/bin/Release/net9.0/AidDiscovery.Tests.dll" adapterTypeName="executor://xunit/VsTestRunner2/netcoreapp" className="AidDiscovery.Tests.ErrorTests" name="UnsupportedProto" />
    </UnitTest>
    <UnitTest name="AidDiscovery.Tests.ErrorTests.InvalidHttpsScheme" storage="/users/user/dev/side-projects/agentcommunity/agent-interface-discovery/packages/aid-dotnet/tests/bin/release/net9.0/aiddiscovery.tests.dll" id="6175d249-5c25-bee6-1d38-59fa784afd9e">
      <Execution id="e68f49b4-d783-45ca-bacc-bd210159e5ba" />
      <TestMethod codeBase="/Users/user/dev/side-projects/AgentCommunity/agent-interface-discovery/packages/aid-dotnet/tests/bin/Release/net9.0/AidDiscovery.Tests.dll" adapterTypeName="executor://xunit/VsTestRunner2/netcoreapp" className="AidDiscovery.Tests.ErrorTests" name="InvalidHttpsScheme" />
    </UnitTest>
    <UnitTest name="AidDiscovery.Tests.ErrorTests.BothProtoAndAlias" storage="/users/user/dev/side-projects/agentcommunity/agent-interface-discovery/packages/aid-dotnet/tests/bin/release/net9.0/aiddiscovery.tests.dll" id="1a918b86-cacf-20ae-3c3d-bf8373caa3be">
      <Execution id="03c24c5f-525f-4c40-91d0-57a0fbcf8626" />
      <TestMethod codeBase="/Users/user/dev/side-projects/AgentCommunity/agent-interface-discovery/packages/aid-dotnet/tests/bin/Release/net9.0/AidDiscovery.Tests.dll" adapterTypeName="executor://xunit/VsTestRunner2/netcoreapp" className="AidDiscovery.Tests.ErrorTests" name="BothProtoAndAlias" />
    </UnitTest>
  </TestDefinitions>
  <TestEntries>
    <TestEntry testId="6175d249-5c25-bee6-1d38-59fa784afd9e" executionId="e68f49b4-d783-45ca-bacc-bd210159e5ba" testListId="8c84fa94-04c1-424b-9868-57a2d4851a1d" />
    <TestEntry testId="4821400e-74ac-6fb2-c41b-e91c9443ba12" executionId="72882065-a8a2-4af7-b8ce-903f689ad452" testListId="8c84fa94-04c1-424b-9868-57a2d4851a1d" />
    <TestEntry testId="27ec07c8-f6dc-e0f6-9613-fa3fb38f6c84" executionId="0905535d-ec22-4433-910a-041478736038" testListId="8c84fa94-04c1-424b-9868-57a2d4851a1d" />
    <TestEntry testId="1a918b86-cacf-20ae-3c3d-bf8373caa3be" executionId="03c24c5f-525f-4c40-91d0-57a0fbcf8626" testListId="8c84fa94-04c1-424b-9868-57a2d4851a1d" />
    <TestEntry testId="a3513066-41a8-3143-e8be-115141a9022c" executionId="31cb1511-ee1f-4aaf-be2c-563b90c6e96c" testListId="8c84fa94-04c1-424b-9868-57a2d4851a1d" />
    <TestEntry testId="d284e9a2-c0f0-3776-4f7a-88678a0fa8ac" executionId="6850aa73-5198-4b9a-a03e-3d910c346a8a" testListId="8c84fa94-04c1-424b-9868-57a2d4851a1d" />
    <TestEntry testId="c0ca24d4-72a5-38ff-72d1-65ab6d6dc5ed" executionId="00f634a8-24dd-4428-a343-4656fe68c93d" testListId="8c84fa94-04c1-424b-9868-57a2d4851a1d" />
    <TestEntry testId="2c831a08-f25f-e9cc-4140-c216ff01dd93" executionId="9f297134-2b96-437d-9c3d-ef18af65aaf3" testListId="8c84fa94-04c1-424b-9868-57a2d4851a1d" />
    <TestEntry testId="2c4d56c2-dd0b-ab09-c64a-f71fa3df9a86" executionId="fe252693-6574-4ebb-a041-ec46025ac4aa" testListId="8c84fa94-04c1-424b-9868-57a2d4851a1d" />
  </TestEntries>
  <TestLists>
    <TestList name="Results Not in a List" id="8c84fa94-04c1-424b-9868-57a2d4851a1d" />
    <TestList name="All Loaded Results" id="19431567-8539-422a-85d7-44ee4e166bda" />
  </TestLists>
  <ResultSummary outcome="Completed">
    <Counters total="9" executed="9" passed="9" failed="0" error="0" timeout="0" aborted="0" inconclusive="0" passedButRunAborted="0" notRunnable="0" notExecuted="0" disconnected="0" warning="0" completed="0" inProgress="0" pending="0" />
    <Output>
      <StdOut>[xUnit.net 00:00:00.00] xUnit.net VSTest Adapter v2.5.3.1+6b60a9e56a (64-bit .NET 9.0.8)
[xUnit.net 00:00:00.03]   Discovering: AidDiscovery.Tests
[xUnit.net 00:00:00.05]   Discovered:  AidDiscovery.Tests
[xUnit.net 00:00:00.05]   Starting:    AidDiscovery.Tests
[xUnit.net 00:00:00.08]   Finished:    AidDiscovery.Tests
</StdOut>
    </Output>
  </ResultSummary>
</TestRun>